  hw03p3.cpp
C:\Users\tspyt\Desktop\SCU-CSCI-61\Homework\HW03\HW03\bag6.cpp(146,1): error C2664: 'bag<int>::size_type bst_remove_all<Item>(binary_tree_node<Item> *&,const Item &)': cannot convert argument 1 from 'binary_tree_node<Item> *' to 'binary_tree_node<Item> *&'
          with
          [
              Item=int
          ]
C:\Users\tspyt\Desktop\SCU-CSCI-61\Homework\HW03\HW03\bag6.cpp(120,32): message : see declaration of 'bst_remove_all'
C:\Users\tspyt\Desktop\SCU-CSCI-61\Homework\HW03\HW03\bag6.cpp(282): message : see reference to function template instantiation 'bag<int>::size_type bst_remove_all<Item>(binary_tree_node<Item> *&,const Item &)' being compiled
          with
          [
              Item=int
          ]
C:\Users\tspyt\Desktop\SCU-CSCI-61\Homework\HW03\HW03\bag6.cpp(281): message : while compiling class template member function 'bag<int>::size_type bag<int>::erase(const Item &)'
          with
          [
              Item=int
          ]
C:\Users\tspyt\Desktop\SCU-CSCI-61\Homework\HW03\HW03\hw03p3.cpp(23): message : see reference to function template instantiation 'bag<int>::size_type bag<int>::erase(const Item &)' being compiled
          with
          [
              Item=int
          ]
C:\Users\tspyt\Desktop\SCU-CSCI-61\Homework\HW03\HW03\hw03p3.cpp(8): message : see reference to class template instantiation 'bag<int>' being compiled
C:\Users\tspyt\Desktop\SCU-CSCI-61\Homework\HW03\HW03\bag6.cpp(152,1): error C2664: 'bag<int>::size_type bst_remove_all<Item>(binary_tree_node<Item> *&,const Item &)': cannot convert argument 1 from 'binary_tree_node<Item> *' to 'binary_tree_node<Item> *&'
          with
          [
              Item=int
          ]
C:\Users\tspyt\Desktop\SCU-CSCI-61\Homework\HW03\HW03\bag6.cpp(120,32): message : see declaration of 'bst_remove_all'
C:\Users\tspyt\Desktop\SCU-CSCI-61\Homework\HW03\HW03\bag6.cpp(173,1): error C2664: 'void bst_remove_max<Item>(binary_tree_node<Item> *&,Item &)': cannot convert argument 1 from 'binary_tree_node<Item> *' to 'binary_tree_node<Item> *&'
          with
          [
              Item=int
          ]
C:\Users\tspyt\Desktop\SCU-CSCI-61\Homework\HW03\HW03\bag6.cpp(19,7): message : see declaration of 'bst_remove_max'
